2024-09-12T15:09:46.749Z [ERROR]: Author not found
2024-09-12T15:09:55.219Z [ERROR]: Author not found
2024-09-12T15:14:33.601Z [ERROR]: Author not found {"method":"GET","url":"/api/authors/3","userAgent":"PostmanRuntime/7.41.2","body":{},"statusCode":404}
2024-09-12T15:20:36.349Z [ERROR]: 
Invalid `prisma.author.create()` invocation in
D:\Work\backend-test\shopifyOrderHook\src\controllers\authorController.ts:67:43

  64 
  65 const { name, bio, birthdate } = req.body;
  66 try {
→ 67   const newAuthor = await prisma.author.create({
         data: {
           name: "Sydil Sohan",
           bio: "Hi, I'm sydil",
           birthdate: "1948-09-20 00:00:00"
                      ~~~~~~~~~~~~~~~~~~~~~
         }
       })

Invalid value for argument `birthdate`: input contains invalid characters. Expected ISO-8601 DateTime. {"method":"POST","url":"/","userAgent":"PostmanRuntime/7.41.2"}
2024-09-12T16:24:36.978Z [ERROR]: Expected ',' or '}' after property value in JSON at position 84 (line 4 column 23) {"method":"POST","url":"/api/authors/","userAgent":"PostmanRuntime/7.41.2","body":{},"statusCode":400}
2024-09-12T16:25:04.590Z [ERROR]: 
Invalid `prisma.author.create()` invocation in
D:\Work\backend-test\shopifyOrderHook\src\controllers\authorController.ts:67:43

  64 
  65 const { name, bio, birthdate } = req.body;
  66 try {
→ 67   const newAuthor = await prisma.author.create({
         data: {
           name: "Sydil Sohan",
           bio: "Hi, I'm sydil",
           birthdate: "1948"
                      ~~~~~~
         }
       })

Invalid value for argument `birthdate`: premature end of input. Expected ISO-8601 DateTime. {"method":"POST","url":"/","userAgent":"PostmanRuntime/7.41.2"}
2024-09-12T16:31:22.925Z [ERROR]: 
Invalid `prisma.author.create()` invocation in
D:\Work\backend-test\shopifyOrderHook\src\controllers\authorController.ts:71:43

  68 
  69 const { name, bio, birthdate } = req.body;
  70 try {
→ 71   const newAuthor = await prisma.author.create({
         data: {
           name: "Arundhati Roy",
           bio: "Hiiiiiiiiiiiiiiiiii",
           birthdate: "1948-09"
                      ~~~~~~~~~
         }
       })

Invalid value for argument `birthdate`: premature end of input. Expected ISO-8601 DateTime. {"method":"POST","url":"/","userAgent":"PostmanRuntime/7.41.2"}
2024-09-12T16:34:44.482Z [ERROR]: 
Invalid `prisma.author.create()` invocation in
D:\Work\backend-test\shopifyOrderHook\src\controllers\authorController.ts:71:43

  68 
  69 const { name, bio, birthdate } = req.body;
  70 try {
→ 71   const newAuthor = await prisma.author.create({
         data: {
           name: "Arundhati Roy",
           bio: "Hiiiiiiiiiiiiiiiiii",
           birthdate: "1948-09"
                      ~~~~~~~~~
         }
       })

Invalid value for argument `birthdate`: premature end of input. Expected ISO-8601 DateTime. {"method":"POST","url":"/","userAgent":"PostmanRuntime/7.41.2"}
2024-09-12T16:39:03.932Z [ERROR]: 
Invalid `prisma.author.create()` invocation in
D:\Work\backend-test\shopifyOrderHook\src\controllers\authorController.ts:71:43

  68 
  69 const { name, bio, birthdate } = req.body;
  70 try {
→ 71   const newAuthor = await prisma.author.create({
         data: {
           name: "Arundhati Roy",
           bio: "Hiiiiiiiiiiiiiiiiii",
           birthdate: "1948-09"
                      ~~~~~~~~~
         }
       })

Invalid value for argument `birthdate`: premature end of input. Expected ISO-8601 DateTime. {"method":"POST","url":"/","userAgent":"PostmanRuntime/7.41.2"}
2024-09-12T16:42:07.118Z [ERROR]: 
Invalid `prisma.author.create()` invocation in
D:\Work\backend-test\shopifyOrderHook\src\controllers\authorController.ts:71:43

  68 
  69 const { name, bio, birthdate } = req.body;
  70 try {
→ 71   const newAuthor = await prisma.author.create({
         data: {
           name: "Arundhati Roy",
           bio: "Hiiiiiiiiiiiiiiiiii",
           birthdate: "1948-09"
                      ~~~~~~~~~
         }
       })

Invalid value for argument `birthdate`: premature end of input. Expected ISO-8601 DateTime. {"method":"POST","url":"/","userAgent":"PostmanRuntime/7.41.2"}
2024-09-13T03:20:25.029Z [ERROR]: Internal Server Error {"userAgent":"unknown","statusCode":500}
2024-09-13T03:20:59.195Z [ERROR]: Internal Server Error {"userAgent":"unknown","statusCode":500}
2024-09-13T04:16:16.807Z [ERROR]: Internal Server Error {"userAgent":"unknown","statusCode":500}
2024-09-13T04:16:56.379Z [ERROR]: Internal Server Error {"userAgent":"unknown","statusCode":500}
2024-09-13T04:21:40.220Z [ERROR]: Resource not found {"method":"GET","url":"/api/authors/5","userAgent":"PostmanRuntime/7.42.0","body":{"name":"Arundhati Roy","bio":"Hiiiiiiiiiiiiiiiiii","birthdate":"1948-09"},"statusCode":404}
2024-09-13T04:21:59.431Z [ERROR]: Resource not found {"method":"GET","url":"/api/authors/5","userAgent":"PostmanRuntime/7.42.0","body":{"name":"Arundhati Roy","bio":"Hiiiiiiiiiiiiiiiiii","birthdate":"1948-09"},"statusCode":404}
2024-09-13T04:22:22.369Z [ERROR]: Resource not found {"method":"GET","url":"/api/authors/5","userAgent":"PostmanRuntime/7.42.0","body":{"name":"Arundhati Roy","bio":"Hiiiiiiiiiiiiiiiiii","birthdate":"1948-09"},"statusCode":404}
2024-09-13T04:23:26.420Z [ERROR]: Failed to update resource {"method":"POST","url":"/api/authors/","userAgent":"PostmanRuntime/7.42.0","body":{"name":"Arundhati Roy","bio":"Hiiiiiiiiiiiiiiiiii","birthdate":"1948-09"},"statusCode":500}
2024-09-13T04:23:48.815Z [ERROR]: Failed to update resource {"method":"POST","url":"/api/authors/","userAgent":"PostmanRuntime/7.42.0","body":{"name":"Arundhati Roy","bio":"Hiiiiiiiiiiiiiiiiii","birthdate":"1948-09"},"statusCode":500}
2024-09-13T04:29:04.945Z [ERROR]: Failed to update resource {"method":"POST","url":"/api/authors/","userAgent":"PostmanRuntime/7.42.0","body":{"name":"Arundhati Roy","bio":"Hiiiiiiiiiiiiiiiiii","birthdate":"1948-09"},"statusCode":500}
2024-09-13T04:30:02.524Z [ERROR]: Failed to update resource {"method":"POST","url":"/api/authors/","userAgent":"PostmanRuntime/7.42.0","body":{"name":"Arundhati Roy","bio":"Hiiiiiiiiiiiiiiiiii","birthdate":"1948-09"},"statusCode":500}
2024-09-13T04:45:00.786Z [ERROR]: Validation failed: [object Object] {"method":"POST","url":"/api/authors/","userAgent":"PostmanRuntime/7.42.0","body":{"name":"Arundhati Roy","bio":"Hi","birthdate":"1948-09-01T00:00:00.000Z"},"statusCode":400}
2024-09-13T04:45:13.290Z [ERROR]: Validation failed: [object Object] {"method":"POST","url":"/api/authors/","userAgent":"PostmanRuntime/7.42.0","body":{"name":"Arundhati Roy","bio":"Hi","birthdate":"1948-09-01T00:00:00.000Z"},"statusCode":400}
2024-09-13T04:47:15.501Z [ERROR]: Validation failed {"method":"POST","url":"/api/authors/","userAgent":"PostmanRuntime/7.42.0","body":{"name":"Arundhati Roy","bio":"Hi","birthdate":"1948-09-01T00:00:00.000Z"},"statusCode":400}
2024-09-13T04:47:31.276Z [ERROR]: Validation failed {"method":"POST","url":"/api/authors/","userAgent":"PostmanRuntime/7.42.0","body":{"name":"Arundhati Roy","bio":"Hi","birthdate":""},"statusCode":400}
2024-09-13T04:47:53.053Z [ERROR]: Validation failed {"method":"POST","url":"/api/authors/","userAgent":"PostmanRuntime/7.42.0","body":{},"statusCode":400}
2024-09-13T04:48:02.321Z [ERROR]: Validation failed {"method":"POST","url":"/api/authors/","userAgent":"PostmanRuntime/7.42.0","body":{"name":"","bio":"Hi","birthdate":""},"statusCode":400}
2024-09-13T04:48:13.604Z [ERROR]: Validation failed {"method":"POST","url":"/api/authors/","userAgent":"PostmanRuntime/7.42.0","body":{"name":"Arundhati Roy","bio":"Hi","birthdate":"1948-09-01T00:00:00.000Z"},"statusCode":400}
2024-09-13T04:56:17.228Z [ERROR]: Internal Server Error {"method":"POST","url":"/api/authors/","userAgent":"PostmanRuntime/7.42.0","body":{},"statusCode":500}
2024-09-13T04:56:20.108Z [ERROR]: Internal Server Error {"method":"POST","url":"/api/authors/","userAgent":"PostmanRuntime/7.42.0","body":{},"statusCode":500}
2024-09-13T04:56:25.586Z [ERROR]: Validation failed {"method":"POST","url":"/api/authors/","userAgent":"PostmanRuntime/7.42.0","body":{"name":"Arundhati Roy 2","bio":"Hi, this is Arundhati roy"},"statusCode":400}
2024-09-13T04:56:35.149Z [ERROR]: Validation failed {"method":"POST","url":"/api/authors/","userAgent":"PostmanRuntime/7.42.0","body":{"name":"Arundhati Roy 2","bio":"Hi, this is Arundhati roy"},"statusCode":400}
2024-09-13T05:00:00.893Z [ERROR]: Resource not found {"method":"GET","url":"/api/books/7","userAgent":"PostmanRuntime/7.42.0","body":{},"statusCode":404}
2024-09-13T05:00:24.492Z [ERROR]: Resource not found {"method":"GET","url":"/api/books/7","userAgent":"PostmanRuntime/7.42.0","body":{},"statusCode":404}
2024-09-13T05:00:59.848Z [ERROR]: Resource not found {"method":"GET","url":"/api/books/66","userAgent":"PostmanRuntime/7.42.0","body":{},"statusCode":404}
2024-09-13T05:01:01.714Z [ERROR]: Validation failed {"method":"GET","url":"/api/books/h","userAgent":"PostmanRuntime/7.42.0","body":{},"statusCode":400}
2024-09-13T05:20:59.015Z [ERROR]: Resource not found {"method":"GET","url":"/api/books/0","userAgent":"PostmanRuntime/7.42.0","body":{},"statusCode":404}
2024-09-13T05:21:07.658Z [ERROR]: Resource not found {"method":"GET","url":"/api/books/5","userAgent":"PostmanRuntime/7.42.0","body":{},"statusCode":404}
2024-09-13T05:21:08.959Z [ERROR]: Resource not found {"method":"GET","url":"/api/books/6","userAgent":"PostmanRuntime/7.42.0","body":{},"statusCode":404}
2024-09-13T05:21:10.334Z [ERROR]: Validation failed {"method":"GET","url":"/api/books/gd","userAgent":"PostmanRuntime/7.42.0","body":{},"statusCode":400}
2024-09-13T05:29:15.044Z [ERROR]: Resource not found {"method":"DELETE","url":"/api/books/hh","userAgent":"PostmanRuntime/7.42.0","body":{},"statusCode":404}
2024-09-13T05:30:20.252Z [ERROR]: Validation failed {"method":"DELETE","url":"/api/books/hh","userAgent":"PostmanRuntime/7.42.0","body":{},"statusCode":400}
2024-09-13T05:30:36.638Z [ERROR]: Failed to update resource {"method":"DELETE","url":"/api/books/2","userAgent":"PostmanRuntime/7.42.0","body":{},"statusCode":500}
2024-09-13T05:31:04.635Z [ERROR]: Resource not found {"method":"DELETE","url":"/api/books/3","userAgent":"PostmanRuntime/7.42.0","body":{},"statusCode":404}
2024-09-13T06:09:11.977Z [ERROR]: Validation failed {"method":"POST","url":"/api/authors","userAgent":"PostmanRuntime/7.42.0","body":{},"statusCode":400}
2024-09-13T06:15:21.546Z [ERROR]: Failed to update resource {"method":"POST","url":"/api/books","userAgent":"PostmanRuntime/7.42.0","body":{"title":"Harry Potter and the Chamber of Secrets","description":"The second book in the Harry Potter series.","published_date":"1970-01-01T00:00:00.000Z","author":1},"statusCode":500}
2024-09-13T06:16:52.348Z [ERROR]: Resource not found {"method":"POST","url":"/api/books/4","userAgent":"PostmanRuntime/7.42.0","body":{"title":"Harry Potter and the Chamber of Secrets","description":"The second book in the Harry Potter series.","published_date":"1970-01-01T00:00:00.000Z","author":1},"statusCode":404}
2024-09-13T06:17:09.011Z [ERROR]: Resource not found {"method":"POST","url":"/api/books/1","userAgent":"PostmanRuntime/7.42.0","body":{"title":"Harry Potter and the Chamber of Secrets","description":"The second book in the Harry Potter series.","published_date":"1970-01-01T00:00:00.000Z","author":1},"statusCode":404}
2024-09-13T06:17:18.175Z [ERROR]: Failed to update resource {"method":"PUT","url":"/api/books/1","userAgent":"PostmanRuntime/7.42.0","body":{"title":"Harry Potter and the Chamber of Secrets","description":"The second book in the Harry Potter series.","published_date":"1970-01-01T00:00:00.000Z","author":1},"statusCode":500}
2024-09-13T06:17:56.019Z [ERROR]: Failed to update resource {"method":"PUT","url":"/api/books/4","userAgent":"PostmanRuntime/7.42.0","body":{"title":"Harry Potter and the Chamber of Secrets","description":"The second book in the Harry Potter series.","published_date":"1970-01-01T00:00:00.000Z","author":1},"statusCode":500}
2024-09-13T06:17:58.860Z [ERROR]: Failed to update resource {"method":"PUT","url":"/api/books/4","userAgent":"PostmanRuntime/7.42.0","body":{"title":"Harry Potter and the Chamber of Secrets","description":"The second book in the Harry Potter series.","published_date":"1970-01-01T00:00:00.000Z","author":1},"statusCode":500}
2024-09-13T06:25:21.095Z [ERROR]: Failed to update resource {"method":"PUT","url":"/api/books/4","userAgent":"PostmanRuntime/7.42.0","body":{"title":"Harry Potter and the Chamber of Secrets","description":"The second book in the Harry Potter series.","published_date":"1970-01-01T00:00:00.000Z","author":10},"statusCode":500}
2024-09-13T06:25:23.228Z [ERROR]: Failed to update resource {"method":"PUT","url":"/api/books/4","userAgent":"PostmanRuntime/7.42.0","body":{"title":"Harry Potter and the Chamber of Secrets","description":"The second book in the Harry Potter series.","published_date":"1970-01-01T00:00:00.000Z","author":10},"statusCode":500}
2024-09-13T06:25:47.465Z [ERROR]: Failed to update resource {"method":"PUT","url":"/api/books/4","userAgent":"PostmanRuntime/7.42.0","body":{"title":"Harry Potter and the Chamber of Secrets","description":"The second book in the Harry Potter series.","published_date":"1970-01-01T00:00:00.000Z","author":10},"statusCode":500}
2024-09-13T06:26:13.954Z [ERROR]: Failed to update resource {"method":"PUT","url":"/api/books/4","userAgent":"PostmanRuntime/7.42.0","body":{"title":"Harry Potter and the Chamber of Secrets","description":"The second book in the Harry Potter series.","published_date":"1970-01-01T00:00:00.000Z","author":1},"statusCode":500}
2024-09-13T06:29:15.679Z [ERROR]: Internal Server Error {"method":"PUT","url":"/api/books/4","userAgent":"PostmanRuntime/7.42.0","body":{},"statusCode":500}
2024-09-13T06:29:16.958Z [ERROR]: Internal Server Error {"method":"PUT","url":"/api/books/4","userAgent":"PostmanRuntime/7.42.0","body":{},"statusCode":500}
2024-09-13T06:29:26.809Z [ERROR]: Failed to update resource {"method":"PUT","url":"/api/books/4","userAgent":"PostmanRuntime/7.42.0","body":{"title":"Harry Potter and the Chamber of Secrets","description":"The second book in the Harry Potter series.","published_date":"1970-01-01T00:00:00.000Z"},"statusCode":500}
2024-09-13T06:29:28.005Z [ERROR]: Failed to update resource {"method":"PUT","url":"/api/books/4","userAgent":"PostmanRuntime/7.42.0","body":{"title":"Harry Potter and the Chamber of Secrets","description":"The second book in the Harry Potter series.","published_date":"1970-01-01T00:00:00.000Z"},"statusCode":500}
2024-09-13T06:32:11.495Z [ERROR]: Internal Server Error {"method":"PUT","url":"/api/books/4","userAgent":"PostmanRuntime/7.42.0","body":{},"statusCode":500}
2024-09-13T06:32:13.490Z [ERROR]: Internal Server Error {"method":"PUT","url":"/api/books/4","userAgent":"PostmanRuntime/7.42.0","body":{},"statusCode":500}
2024-09-13T06:39:12.780Z [ERROR]: Validation failed {"method":"POST","url":"/api/books/","userAgent":"PostmanRuntime/7.42.0","body":{"title":"Harry Potter and the Chamber of Secretssssss","description":"The second book in the Harry Potter seriesssss.","author":10},"statusCode":400}
2024-09-13T06:39:47.719Z [ERROR]: Failed to update resource {"method":"POST","url":"/api/books/","userAgent":"PostmanRuntime/7.42.0","body":{"title":"Potter and the Chamber of Secretssssss","description":"The second book in the Harry Potter seriesssss.","author":10},"statusCode":500}
2024-09-13T06:39:52.817Z [ERROR]: Failed to update resource {"method":"POST","url":"/api/books/","userAgent":"PostmanRuntime/7.42.0","body":{"title":"Potter and the Chamber of Secretssssss","description":"The second book in the Harry Potter seriesssss.","author":10},"statusCode":500}
2024-09-13T06:40:53.992Z [ERROR]: Failed to update resource {"method":"POST","url":"/api/books/","userAgent":"PostmanRuntime/7.42.0","body":{"title":"Potter and the Chamber of Secretssssss","description":"The second book in the Harry Potter seriesssss.","author":10},"statusCode":500}
2024-09-13T06:43:00.907Z [ERROR]: Failed to update resource {"method":"POST","url":"/api/books/","userAgent":"PostmanRuntime/7.42.0","body":{"title":"Potter and the Chamber of Secretssssss","description":"The second book in the Harry Potter seriesssss.","author":10,"published_date":"1970-01-01T00:00:00.000Z"},"statusCode":500}
2024-09-13T06:43:04.647Z [ERROR]: Failed to update resource {"method":"POST","url":"/api/books/","userAgent":"PostmanRuntime/7.42.0","body":{"title":"Potter and the Chamber of Secretssssss","description":"The second book in the Harry Potter seriesssss.","author":10,"published_date":"1970-01-01T00:00:00.000Z"},"statusCode":500}
2024-09-13T06:45:27.874Z [ERROR]: Validation failed {"method":"POST","url":"/api/books/","userAgent":"PostmanRuntime/7.42.0","body":{"title":"Potter and the Chamber of Secretssssss","description":"The second book in the Harry Potter seriesssss.","author":10,"published_date":"1970-01-01T00:00:00.000Z"},"statusCode":400}
2024-09-13T06:46:13.977Z [ERROR]: Validation failed {"method":"POST","url":"/api/books/","userAgent":"PostmanRuntime/7.42.0","body":{"title":"Potter and the Chamber of Secretssssss","description":"The second book in the Harry Potter seriesssss.","author":10,"published_date":"1970-01-01T00:00:00.000Z"},"statusCode":400}
2024-09-13T08:52:24.276Z [ERROR]: Validation failed {"method":"POST","url":"/api/books/","userAgent":"PostmanRuntime/7.42.0","body":{"title":"Potter and the Chamber of Secretssssss","description":"The second book in the Harry Potter seriesssss.","authorId":10,"published_date":"1970-01-01T00:00:00.000Z"},"statusCode":400}
2024-09-13T08:52:47.903Z [ERROR]: Validation failed {"method":"POST","url":"/api/books/","userAgent":"PostmanRuntime/7.42.0","body":{"title":"Potter and the Chamber of Secretssssss","description":"The second book in the Harry Potter seriesssss.","author":19,"published_date":"1970-01-01T00:00:00.000Z"},"statusCode":400}
2024-09-13T08:52:58.341Z [ERROR]: Validation failed {"method":"POST","url":"/api/books/","userAgent":"PostmanRuntime/7.42.0","body":{"title":"Potter and the Chamber of Secretssssss","description":"The second book in the Harry Potter seriesssss.","author":"hh","published_date":"1970-01-01T00:00:00.000Z"},"statusCode":400}
2024-09-13T08:53:00.471Z [ERROR]: Validation failed {"method":"POST","url":"/api/books/","userAgent":"PostmanRuntime/7.42.0","body":{"title":"Potter and the Chamber of Secretssssss","description":"The second book in the Harry Potter seriesssss.","author":"hh","published_date":"1970-01-01T00:00:00.000Z"},"statusCode":400}
2024-09-13T08:53:12.399Z [ERROR]: Validation failed {"method":"POST","url":"/api/books/","userAgent":"PostmanRuntime/7.42.0","body":{"title":"Potter and the Chamber of Secretssssss","description":"The second book in the Harry Potter seriesssss.","author":"hh","published_date":"1970-01-01T00:00:00.000Z"},"statusCode":400}
2024-09-13T08:53:23.422Z [ERROR]: Validation failed {"method":"POST","url":"/api/books/","userAgent":"PostmanRuntime/7.42.0","body":{"title":"Potter and the Chamber of Secretssssss","description":"The second book in the Harry Potter seriesssss.","published_date":"1970-01-01T00:00:00.000Z"},"statusCode":400}
2024-09-13T08:55:02.835Z [ERROR]: Internal Server Error {"method":"POST","url":"/api/books/","userAgent":"PostmanRuntime/7.42.0","body":{},"statusCode":500}
2024-09-13T08:55:05.987Z [ERROR]: Internal Server Error {"method":"POST","url":"/api/books/","userAgent":"PostmanRuntime/7.42.0","body":{},"statusCode":500}
2024-09-13T08:57:03.507Z [ERROR]: Validation failed {"method":"POST","url":"/api/books/","userAgent":"PostmanRuntime/7.42.0","body":{"title":"Potter and the Chamber of Secretssssss","description":"The second book in the Harry Potter seriesssss.","published_date":"1970-01-01T00:00:00.000Z"},"statusCode":400}
2024-09-13T08:57:08.326Z [ERROR]: Internal Server Error {"method":"POST","url":"/api/books/","userAgent":"PostmanRuntime/7.42.0","body":{},"statusCode":500}
2024-09-13T08:57:44.455Z [ERROR]: Internal Server Error {"method":"POST","url":"/api/books/","userAgent":"PostmanRuntime/7.42.0","body":{},"statusCode":500}
2024-09-13T08:57:59.670Z [ERROR]: Validation failed {"method":"POST","url":"/api/books/","userAgent":"PostmanRuntime/7.42.0","body":{"title":"Potter and the Chamber of Secretssssss","description":"The second book in the Harry Potter seriesssss.","published_date":"1970-01-01T00:00:00.000Z"},"statusCode":400}
2024-09-13T09:09:39.187Z [ERROR]: Validation failed {"method":"GET","url":"/api/books/?author=vinwibw","userAgent":"PostmanRuntime/7.42.0","body":{"title":"Potter and the Chamber of Secretssssss","description":"The second book in the Harry Potter seriesssss.","published_date":"1970-01-01T00:00:00.000Z","author":10},"statusCode":400}
2024-09-13T09:11:40.407Z [ERROR]: Validation failed {"method":"GET","url":"/api/books/?author=vinwibw","userAgent":"PostmanRuntime/7.42.0","body":{"title":"Potter and the Chamber of Secretssssss","description":"The second book in the Harry Potter seriesssss.","published_date":"1970-01-01T00:00:00.000Z","author":10},"statusCode":400}
